<?xml version="1.0" encoding="UTF-8"?>
<!-- Generated by org.testng.reporters.JUnitReportReporter -->
<testsuite skipped="0" hostname="maashree-PC" name="testcases.LoginTest" tests="1" failures="0" timestamp="28 Sep 2019 17:50:44 GMT" time="3.324" errors="0">
  <testcase name="loginAsBankManager" time="3.324" classname="testcases.LoginTest"/>
</testsuite> <!-- testcases.LoginTest -->
