<?xml version="1.0" encoding="UTF-8"?>
<!-- Generated by org.testng.reporters.JUnitReportReporter -->
<testsuite skipped="0" hostname="maashree-PC" name="testcases.BankManagerLoginTest" tests="1" failures="0" timestamp="29 Sep 2019 17:06:02 GMT" time="3.148" errors="0">
  <testcase name="loginAsBankManager" time="3.148" classname="testcases.BankManagerLoginTest"/>
</testsuite> <!-- testcases.BankManagerLoginTest -->
